0 info it worked if it ends with ok
1 verbose cli [ 'node', '/usr/local/bin/npm', 'install' ]
2 info using npm@1.4.3
3 info using node@v0.10.26
4 warn package.json mortgagecalculator@0.0.0 No description
5 warn package.json mortgagecalculator@0.0.0 No repository field.
6 warn package.json mortgagecalculator@0.0.0 No README data
7 verbose readDependencies using package.json deps
8 verbose install where, deps [ '/Users/fauverism/Documents/github/Mortgage-Calculator',
8 verbose install   [ 'grunt',
8 verbose install     'grunt-autoprefixer',
8 verbose install     'grunt-bower-install',
8 verbose install     'grunt-concurrent',
8 verbose install     'grunt-contrib-clean',
8 verbose install     'grunt-contrib-compass',
8 verbose install     'grunt-contrib-concat',
8 verbose install     'grunt-contrib-connect',
8 verbose install     'grunt-contrib-copy',
8 verbose install     'grunt-contrib-cssmin',
8 verbose install     'grunt-contrib-htmlmin',
8 verbose install     'grunt-contrib-imagemin',
8 verbose install     'grunt-contrib-jshint',
8 verbose install     'grunt-contrib-uglify',
8 verbose install     'grunt-contrib-watch',
8 verbose install     'grunt-google-cdn',
8 verbose install     'grunt-newer',
8 verbose install     'grunt-ngmin',
8 verbose install     'grunt-rev',
8 verbose install     'grunt-svgmin',
8 verbose install     'grunt-usemin',
8 verbose install     'jshint-stylish',
8 verbose install     'load-grunt-tasks',
8 verbose install     'time-grunt' ] ]
9 info preinstall mortgagecalculator@0.0.0
10 verbose readDependencies using package.json deps
11 verbose cache add [ 'grunt-bower-install@~1.0.0', null ]
12 verbose cache add name=undefined spec="grunt-bower-install@~1.0.0" args=["grunt-bower-install@~1.0.0",null]
13 verbose parsed url { protocol: null,
13 verbose parsed url   slashes: null,
13 verbose parsed url   auth: null,
13 verbose parsed url   host: null,
13 verbose parsed url   port: null,
13 verbose parsed url   hostname: null,
13 verbose parsed url   hash: null,
13 verbose parsed url   search: null,
13 verbose parsed url   query: null,
13 verbose parsed url   pathname: 'grunt-bower-install@~1.0.0',
13 verbose parsed url   path: 'grunt-bower-install@~1.0.0',
13 verbose parsed url   href: 'grunt-bower-install@~1.0.0' }
14 verbose cache add name="grunt-bower-install" spec="~1.0.0" args=["grunt-bower-install","~1.0.0"]
15 verbose parsed url { protocol: null,
15 verbose parsed url   slashes: null,
15 verbose parsed url   auth: null,
15 verbose parsed url   host: null,
15 verbose parsed url   port: null,
15 verbose parsed url   hostname: null,
15 verbose parsed url   hash: null,
15 verbose parsed url   search: null,
15 verbose parsed url   query: null,
15 verbose parsed url   pathname: '~1.0.0',
15 verbose parsed url   path: '~1.0.0',
15 verbose parsed url   href: '~1.0.0' }
16 verbose addNamed [ 'grunt-bower-install', '~1.0.0' ]
17 verbose addNamed [ null, '>=1.0.0-0 <1.1.0-0' ]
18 verbose cache add [ 'grunt@~0.4.1', null ]
19 verbose cache add name=undefined spec="grunt@~0.4.1" args=["grunt@~0.4.1",null]
20 verbose parsed url { protocol: null,
20 verbose parsed url   slashes: null,
20 verbose parsed url   auth: null,
20 verbose parsed url   host: null,
20 verbose parsed url   port: null,
20 verbose parsed url   hostname: null,
20 verbose parsed url   hash: null,
20 verbose parsed url   search: null,
20 verbose parsed url   query: null,
20 verbose parsed url   pathname: 'grunt@~0.4.1',
20 verbose parsed url   path: 'grunt@~0.4.1',
20 verbose parsed url   href: 'grunt@~0.4.1' }
21 verbose cache add name="grunt" spec="~0.4.1" args=["grunt","~0.4.1"]
22 verbose parsed url { protocol: null,
22 verbose parsed url   slashes: null,
22 verbose parsed url   auth: null,
22 verbose parsed url   host: null,
22 verbose parsed url   port: null,
22 verbose parsed url   hostname: null,
22 verbose parsed url   hash: null,
22 verbose parsed url   search: null,
22 verbose parsed url   query: null,
22 verbose parsed url   pathname: '~0.4.1',
22 verbose parsed url   path: '~0.4.1',
22 verbose parsed url   href: '~0.4.1' }
23 verbose addNamed [ 'grunt', '~0.4.1' ]
24 verbose addNamed [ null, '>=0.4.1-0 <0.5.0-0' ]
25 verbose cache add [ 'grunt-autoprefixer@~0.4.0', null ]
26 verbose cache add name=undefined spec="grunt-autoprefixer@~0.4.0" args=["grunt-autoprefixer@~0.4.0",null]
27 verbose parsed url { protocol: null,
27 verbose parsed url   slashes: null,
27 verbose parsed url   auth: null,
27 verbose parsed url   host: null,
27 verbose parsed url   port: null,
27 verbose parsed url   hostname: null,
27 verbose parsed url   hash: null,
27 verbose parsed url   search: null,
27 verbose parsed url   query: null,
27 verbose parsed url   pathname: 'grunt-autoprefixer@~0.4.0',
27 verbose parsed url   path: 'grunt-autoprefixer@~0.4.0',
27 verbose parsed url   href: 'grunt-autoprefixer@~0.4.0' }
28 verbose cache add name="grunt-autoprefixer" spec="~0.4.0" args=["grunt-autoprefixer","~0.4.0"]
29 verbose parsed url { protocol: null,
29 verbose parsed url   slashes: null,
29 verbose parsed url   auth: null,
29 verbose parsed url   host: null,
29 verbose parsed url   port: null,
29 verbose parsed url   hostname: null,
29 verbose parsed url   hash: null,
29 verbose parsed url   search: null,
29 verbose parsed url   query: null,
29 verbose parsed url   pathname: '~0.4.0',
29 verbose parsed url   path: '~0.4.0',
29 verbose parsed url   href: '~0.4.0' }
30 verbose addNamed [ 'grunt-autoprefixer', '~0.4.0' ]
31 verbose addNamed [ null, '>=0.4.0-0 <0.5.0-0' ]
32 verbose cache add [ 'grunt-concurrent@~0.5.0', null ]
33 verbose cache add name=undefined spec="grunt-concurrent@~0.5.0" args=["grunt-concurrent@~0.5.0",null]
34 verbose parsed url { protocol: null,
34 verbose parsed url   slashes: null,
34 verbose parsed url   auth: null,
34 verbose parsed url   host: null,
34 verbose parsed url   port: null,
34 verbose parsed url   hostname: null,
34 verbose parsed url   hash: null,
34 verbose parsed url   search: null,
34 verbose parsed url   query: null,
34 verbose parsed url   pathname: 'grunt-concurrent@~0.5.0',
34 verbose parsed url   path: 'grunt-concurrent@~0.5.0',
34 verbose parsed url   href: 'grunt-concurrent@~0.5.0' }
35 verbose cache add name="grunt-concurrent" spec="~0.5.0" args=["grunt-concurrent","~0.5.0"]
36 verbose parsed url { protocol: null,
36 verbose parsed url   slashes: null,
36 verbose parsed url   auth: null,
36 verbose parsed url   host: null,
36 verbose parsed url   port: null,
36 verbose parsed url   hostname: null,
36 verbose parsed url   hash: null,
36 verbose parsed url   search: null,
36 verbose parsed url   query: null,
36 verbose parsed url   pathname: '~0.5.0',
36 verbose parsed url   path: '~0.5.0',
36 verbose parsed url   href: '~0.5.0' }
37 verbose addNamed [ 'grunt-concurrent', '~0.5.0' ]
38 verbose addNamed [ null, '>=0.5.0-0 <0.6.0-0' ]
39 silly lockFile cce4ff9b-grunt-bower-install-1-0-0 grunt-bower-install@~1.0.0
40 verbose lock grunt-bower-install@~1.0.0 /Users/fauverism/.npm/cce4ff9b-grunt-bower-install-1-0-0.lock
41 silly lockFile 766a3bd3-grunt-0-4-1 grunt@~0.4.1
42 verbose lock grunt@~0.4.1 /Users/fauverism/.npm/766a3bd3-grunt-0-4-1.lock
43 silly lockFile 7c04b00b-grunt-autoprefixer-0-4-0 grunt-autoprefixer@~0.4.0
44 verbose lock grunt-autoprefixer@~0.4.0 /Users/fauverism/.npm/7c04b00b-grunt-autoprefixer-0-4-0.lock
45 silly lockFile 7bf8c3d2-grunt-concurrent-0-5-0 grunt-concurrent@~0.5.0
46 verbose lock grunt-concurrent@~0.5.0 /Users/fauverism/.npm/7bf8c3d2-grunt-concurrent-0-5-0.lock
47 verbose cache add [ 'grunt-contrib-clean@~0.5.0', null ]
48 verbose cache add name=undefined spec="grunt-contrib-clean@~0.5.0" args=["grunt-contrib-clean@~0.5.0",null]
49 verbose parsed url { protocol: null,
49 verbose parsed url   slashes: null,
49 verbose parsed url   auth: null,
49 verbose parsed url   host: null,
49 verbose parsed url   port: null,
49 verbose parsed url   hostname: null,
49 verbose parsed url   hash: null,
49 verbose parsed url   search: null,
49 verbose parsed url   query: null,
49 verbose parsed url   pathname: 'grunt-contrib-clean@~0.5.0',
49 verbose parsed url   path: 'grunt-contrib-clean@~0.5.0',
49 verbose parsed url   href: 'grunt-contrib-clean@~0.5.0' }
50 verbose cache add name="grunt-contrib-clean" spec="~0.5.0" args=["grunt-contrib-clean","~0.5.0"]
51 verbose parsed url { protocol: null,
51 verbose parsed url   slashes: null,
51 verbose parsed url   auth: null,
51 verbose parsed url   host: null,
51 verbose parsed url   port: null,
51 verbose parsed url   hostname: null,
51 verbose parsed url   hash: null,
51 verbose parsed url   search: null,
51 verbose parsed url   query: null,
51 verbose parsed url   pathname: '~0.5.0',
51 verbose parsed url   path: '~0.5.0',
51 verbose parsed url   href: '~0.5.0' }
52 verbose addNamed [ 'grunt-contrib-clean', '~0.5.0' ]
53 verbose addNamed [ null, '>=0.5.0-0 <0.6.0-0' ]
54 silly lockFile 83f743bc-grunt-contrib-clean-0-5-0 grunt-contrib-clean@~0.5.0
55 verbose lock grunt-contrib-clean@~0.5.0 /Users/fauverism/.npm/83f743bc-grunt-contrib-clean-0-5-0.lock
56 verbose cache add [ 'grunt-contrib-compass@~0.7.2', null ]
57 verbose cache add name=undefined spec="grunt-contrib-compass@~0.7.2" args=["grunt-contrib-compass@~0.7.2",null]
58 verbose parsed url { protocol: null,
58 verbose parsed url   slashes: null,
58 verbose parsed url   auth: null,
58 verbose parsed url   host: null,
58 verbose parsed url   port: null,
58 verbose parsed url   hostname: null,
58 verbose parsed url   hash: null,
58 verbose parsed url   search: null,
58 verbose parsed url   query: null,
58 verbose parsed url   pathname: 'grunt-contrib-compass@~0.7.2',
58 verbose parsed url   path: 'grunt-contrib-compass@~0.7.2',
58 verbose parsed url   href: 'grunt-contrib-compass@~0.7.2' }
59 verbose cache add name="grunt-contrib-compass" spec="~0.7.2" args=["grunt-contrib-compass","~0.7.2"]
60 verbose parsed url { protocol: null,
60 verbose parsed url   slashes: null,
60 verbose parsed url   auth: null,
60 verbose parsed url   host: null,
60 verbose parsed url   port: null,
60 verbose parsed url   hostname: null,
60 verbose parsed url   hash: null,
60 verbose parsed url   search: null,
60 verbose parsed url   query: null,
60 verbose parsed url   pathname: '~0.7.2',
60 verbose parsed url   path: '~0.7.2',
60 verbose parsed url   href: '~0.7.2' }
61 verbose addNamed [ 'grunt-contrib-compass', '~0.7.2' ]
62 verbose addNamed [ null, '>=0.7.2-0 <0.8.0-0' ]
63 silly lockFile bd159c71-grunt-contrib-compass-0-7-2 grunt-contrib-compass@~0.7.2
64 verbose lock grunt-contrib-compass@~0.7.2 /Users/fauverism/.npm/bd159c71-grunt-contrib-compass-0-7-2.lock
65 verbose cache add [ 'grunt-contrib-concat@~0.3.0', null ]
66 verbose cache add name=undefined spec="grunt-contrib-concat@~0.3.0" args=["grunt-contrib-concat@~0.3.0",null]
67 verbose parsed url { protocol: null,
67 verbose parsed url   slashes: null,
67 verbose parsed url   auth: null,
67 verbose parsed url   host: null,
67 verbose parsed url   port: null,
67 verbose parsed url   hostname: null,
67 verbose parsed url   hash: null,
67 verbose parsed url   search: null,
67 verbose parsed url   query: null,
67 verbose parsed url   pathname: 'grunt-contrib-concat@~0.3.0',
67 verbose parsed url   path: 'grunt-contrib-concat@~0.3.0',
67 verbose parsed url   href: 'grunt-contrib-concat@~0.3.0' }
68 verbose cache add name="grunt-contrib-concat" spec="~0.3.0" args=["grunt-contrib-concat","~0.3.0"]
69 verbose parsed url { protocol: null,
69 verbose parsed url   slashes: null,
69 verbose parsed url   auth: null,
69 verbose parsed url   host: null,
69 verbose parsed url   port: null,
69 verbose parsed url   hostname: null,
69 verbose parsed url   hash: null,
69 verbose parsed url   search: null,
69 verbose parsed url   query: null,
69 verbose parsed url   pathname: '~0.3.0',
69 verbose parsed url   path: '~0.3.0',
69 verbose parsed url   href: '~0.3.0' }
70 verbose addNamed [ 'grunt-contrib-concat', '~0.3.0' ]
71 verbose addNamed [ null, '>=0.3.0-0 <0.4.0-0' ]
72 silly lockFile 0e44e68e-grunt-contrib-concat-0-3-0 grunt-contrib-concat@~0.3.0
73 verbose lock grunt-contrib-concat@~0.3.0 /Users/fauverism/.npm/0e44e68e-grunt-contrib-concat-0-3-0.lock
74 verbose cache add [ 'grunt-contrib-connect@~0.5.0', null ]
75 verbose cache add name=undefined spec="grunt-contrib-connect@~0.5.0" args=["grunt-contrib-connect@~0.5.0",null]
76 verbose parsed url { protocol: null,
76 verbose parsed url   slashes: null,
76 verbose parsed url   auth: null,
76 verbose parsed url   host: null,
76 verbose parsed url   port: null,
76 verbose parsed url   hostname: null,
76 verbose parsed url   hash: null,
76 verbose parsed url   search: null,
76 verbose parsed url   query: null,
76 verbose parsed url   pathname: 'grunt-contrib-connect@~0.5.0',
76 verbose parsed url   path: 'grunt-contrib-connect@~0.5.0',
76 verbose parsed url   href: 'grunt-contrib-connect@~0.5.0' }
77 verbose cache add name="grunt-contrib-connect" spec="~0.5.0" args=["grunt-contrib-connect","~0.5.0"]
78 verbose parsed url { protocol: null,
78 verbose parsed url   slashes: null,
78 verbose parsed url   auth: null,
78 verbose parsed url   host: null,
78 verbose parsed url   port: null,
78 verbose parsed url   hostname: null,
78 verbose parsed url   hash: null,
78 verbose parsed url   search: null,
78 verbose parsed url   query: null,
78 verbose parsed url   pathname: '~0.5.0',
78 verbose parsed url   path: '~0.5.0',
78 verbose parsed url   href: '~0.5.0' }
79 verbose addNamed [ 'grunt-contrib-connect', '~0.5.0' ]
80 verbose addNamed [ null, '>=0.5.0-0 <0.6.0-0' ]
81 silly lockFile bc7bae3b-grunt-contrib-connect-0-5-0 grunt-contrib-connect@~0.5.0
82 verbose lock grunt-contrib-connect@~0.5.0 /Users/fauverism/.npm/bc7bae3b-grunt-contrib-connect-0-5-0.lock
83 verbose cache add [ 'grunt-contrib-copy@~0.4.1', null ]
84 verbose cache add name=undefined spec="grunt-contrib-copy@~0.4.1" args=["grunt-contrib-copy@~0.4.1",null]
85 verbose parsed url { protocol: null,
85 verbose parsed url   slashes: null,
85 verbose parsed url   auth: null,
85 verbose parsed url   host: null,
85 verbose parsed url   port: null,
85 verbose parsed url   hostname: null,
85 verbose parsed url   hash: null,
85 verbose parsed url   search: null,
85 verbose parsed url   query: null,
85 verbose parsed url   pathname: 'grunt-contrib-copy@~0.4.1',
85 verbose parsed url   path: 'grunt-contrib-copy@~0.4.1',
85 verbose parsed url   href: 'grunt-contrib-copy@~0.4.1' }
86 verbose cache add name="grunt-contrib-copy" spec="~0.4.1" args=["grunt-contrib-copy","~0.4.1"]
87 verbose parsed url { protocol: null,
87 verbose parsed url   slashes: null,
87 verbose parsed url   auth: null,
87 verbose parsed url   host: null,
87 verbose parsed url   port: null,
87 verbose parsed url   hostname: null,
87 verbose parsed url   hash: null,
87 verbose parsed url   search: null,
87 verbose parsed url   query: null,
87 verbose parsed url   pathname: '~0.4.1',
87 verbose parsed url   path: '~0.4.1',
87 verbose parsed url   href: '~0.4.1' }
88 verbose addNamed [ 'grunt-contrib-copy', '~0.4.1' ]
89 verbose addNamed [ null, '>=0.4.1-0 <0.5.0-0' ]
90 silly lockFile c84f658a-grunt-contrib-copy-0-4-1 grunt-contrib-copy@~0.4.1
91 verbose lock grunt-contrib-copy@~0.4.1 /Users/fauverism/.npm/c84f658a-grunt-contrib-copy-0-4-1.lock
92 verbose cache add [ 'grunt-contrib-cssmin@~0.7.0', null ]
93 verbose cache add name=undefined spec="grunt-contrib-cssmin@~0.7.0" args=["grunt-contrib-cssmin@~0.7.0",null]
94 verbose parsed url { protocol: null,
94 verbose parsed url   slashes: null,
94 verbose parsed url   auth: null,
94 verbose parsed url   host: null,
94 verbose parsed url   port: null,
94 verbose parsed url   hostname: null,
94 verbose parsed url   hash: null,
94 verbose parsed url   search: null,
94 verbose parsed url   query: null,
94 verbose parsed url   pathname: 'grunt-contrib-cssmin@~0.7.0',
94 verbose parsed url   path: 'grunt-contrib-cssmin@~0.7.0',
94 verbose parsed url   href: 'grunt-contrib-cssmin@~0.7.0' }
95 verbose cache add name="grunt-contrib-cssmin" spec="~0.7.0" args=["grunt-contrib-cssmin","~0.7.0"]
96 verbose parsed url { protocol: null,
96 verbose parsed url   slashes: null,
96 verbose parsed url   auth: null,
96 verbose parsed url   host: null,
96 verbose parsed url   port: null,
96 verbose parsed url   hostname: null,
96 verbose parsed url   hash: null,
96 verbose parsed url   search: null,
96 verbose parsed url   query: null,
96 verbose parsed url   pathname: '~0.7.0',
96 verbose parsed url   path: '~0.7.0',
96 verbose parsed url   href: '~0.7.0' }
97 verbose addNamed [ 'grunt-contrib-cssmin', '~0.7.0' ]
98 verbose addNamed [ null, '>=0.7.0-0 <0.8.0-0' ]
99 silly lockFile 77b758e3-grunt-contrib-cssmin-0-7-0 grunt-contrib-cssmin@~0.7.0
100 verbose lock grunt-contrib-cssmin@~0.7.0 /Users/fauverism/.npm/77b758e3-grunt-contrib-cssmin-0-7-0.lock
101 verbose cache add [ 'grunt-contrib-htmlmin@~0.1.3', null ]
102 verbose cache add name=undefined spec="grunt-contrib-htmlmin@~0.1.3" args=["grunt-contrib-htmlmin@~0.1.3",null]
103 verbose parsed url { protocol: null,
103 verbose parsed url   slashes: null,
103 verbose parsed url   auth: null,
103 verbose parsed url   host: null,
103 verbose parsed url   port: null,
103 verbose parsed url   hostname: null,
103 verbose parsed url   hash: null,
103 verbose parsed url   search: null,
103 verbose parsed url   query: null,
103 verbose parsed url   pathname: 'grunt-contrib-htmlmin@~0.1.3',
103 verbose parsed url   path: 'grunt-contrib-htmlmin@~0.1.3',
103 verbose parsed url   href: 'grunt-contrib-htmlmin@~0.1.3' }
104 verbose cache add name="grunt-contrib-htmlmin" spec="~0.1.3" args=["grunt-contrib-htmlmin","~0.1.3"]
105 verbose parsed url { protocol: null,
105 verbose parsed url   slashes: null,
105 verbose parsed url   auth: null,
105 verbose parsed url   host: null,
105 verbose parsed url   port: null,
105 verbose parsed url   hostname: null,
105 verbose parsed url   hash: null,
105 verbose parsed url   search: null,
105 verbose parsed url   query: null,
105 verbose parsed url   pathname: '~0.1.3',
105 verbose parsed url   path: '~0.1.3',
105 verbose parsed url   href: '~0.1.3' }
106 verbose addNamed [ 'grunt-contrib-htmlmin', '~0.1.3' ]
107 verbose addNamed [ null, '>=0.1.3-0 <0.2.0-0' ]
108 silly lockFile 2f1223f9-grunt-contrib-htmlmin-0-1-3 grunt-contrib-htmlmin@~0.1.3
109 verbose lock grunt-contrib-htmlmin@~0.1.3 /Users/fauverism/.npm/2f1223f9-grunt-contrib-htmlmin-0-1-3.lock
110 verbose cache add [ 'grunt-contrib-imagemin@~0.3.0', null ]
111 verbose cache add name=undefined spec="grunt-contrib-imagemin@~0.3.0" args=["grunt-contrib-imagemin@~0.3.0",null]
112 verbose parsed url { protocol: null,
112 verbose parsed url   slashes: null,
112 verbose parsed url   auth: null,
112 verbose parsed url   host: null,
112 verbose parsed url   port: null,
112 verbose parsed url   hostname: null,
112 verbose parsed url   hash: null,
112 verbose parsed url   search: null,
112 verbose parsed url   query: null,
112 verbose parsed url   pathname: 'grunt-contrib-imagemin@~0.3.0',
112 verbose parsed url   path: 'grunt-contrib-imagemin@~0.3.0',
112 verbose parsed url   href: 'grunt-contrib-imagemin@~0.3.0' }
113 verbose cache add name="grunt-contrib-imagemin" spec="~0.3.0" args=["grunt-contrib-imagemin","~0.3.0"]
114 verbose parsed url { protocol: null,
114 verbose parsed url   slashes: null,
114 verbose parsed url   auth: null,
114 verbose parsed url   host: null,
114 verbose parsed url   port: null,
114 verbose parsed url   hostname: null,
114 verbose parsed url   hash: null,
114 verbose parsed url   search: null,
114 verbose parsed url   query: null,
114 verbose parsed url   pathname: '~0.3.0',
114 verbose parsed url   path: '~0.3.0',
114 verbose parsed url   href: '~0.3.0' }
115 verbose addNamed [ 'grunt-contrib-imagemin', '~0.3.0' ]
116 verbose addNamed [ null, '>=0.3.0-0 <0.4.0-0' ]
117 silly lockFile 330de508-grunt-contrib-imagemin-0-3-0 grunt-contrib-imagemin@~0.3.0
118 verbose lock grunt-contrib-imagemin@~0.3.0 /Users/fauverism/.npm/330de508-grunt-contrib-imagemin-0-3-0.lock
119 verbose cache add [ 'grunt-contrib-jshint@~0.7.1', null ]
120 verbose cache add name=undefined spec="grunt-contrib-jshint@~0.7.1" args=["grunt-contrib-jshint@~0.7.1",null]
121 verbose parsed url { protocol: null,
121 verbose parsed url   slashes: null,
121 verbose parsed url   auth: null,
121 verbose parsed url   host: null,
121 verbose parsed url   port: null,
121 verbose parsed url   hostname: null,
121 verbose parsed url   hash: null,
121 verbose parsed url   search: null,
121 verbose parsed url   query: null,
121 verbose parsed url   pathname: 'grunt-contrib-jshint@~0.7.1',
121 verbose parsed url   path: 'grunt-contrib-jshint@~0.7.1',
121 verbose parsed url   href: 'grunt-contrib-jshint@~0.7.1' }
122 verbose cache add name="grunt-contrib-jshint" spec="~0.7.1" args=["grunt-contrib-jshint","~0.7.1"]
123 verbose parsed url { protocol: null,
123 verbose parsed url   slashes: null,
123 verbose parsed url   auth: null,
123 verbose parsed url   host: null,
123 verbose parsed url   port: null,
123 verbose parsed url   hostname: null,
123 verbose parsed url   hash: null,
123 verbose parsed url   search: null,
123 verbose parsed url   query: null,
123 verbose parsed url   pathname: '~0.7.1',
123 verbose parsed url   path: '~0.7.1',
123 verbose parsed url   href: '~0.7.1' }
124 verbose addNamed [ 'grunt-contrib-jshint', '~0.7.1' ]
125 verbose addNamed [ null, '>=0.7.1-0 <0.8.0-0' ]
126 silly lockFile ce56e650-grunt-contrib-jshint-0-7-1 grunt-contrib-jshint@~0.7.1
127 verbose lock grunt-contrib-jshint@~0.7.1 /Users/fauverism/.npm/ce56e650-grunt-contrib-jshint-0-7-1.lock
128 verbose cache add [ 'grunt-contrib-uglify@~0.2.0', null ]
129 verbose cache add name=undefined spec="grunt-contrib-uglify@~0.2.0" args=["grunt-contrib-uglify@~0.2.0",null]
130 verbose parsed url { protocol: null,
130 verbose parsed url   slashes: null,
130 verbose parsed url   auth: null,
130 verbose parsed url   host: null,
130 verbose parsed url   port: null,
130 verbose parsed url   hostname: null,
130 verbose parsed url   hash: null,
130 verbose parsed url   search: null,
130 verbose parsed url   query: null,
130 verbose parsed url   pathname: 'grunt-contrib-uglify@~0.2.0',
130 verbose parsed url   path: 'grunt-contrib-uglify@~0.2.0',
130 verbose parsed url   href: 'grunt-contrib-uglify@~0.2.0' }
131 verbose cache add name="grunt-contrib-uglify" spec="~0.2.0" args=["grunt-contrib-uglify","~0.2.0"]
132 verbose parsed url { protocol: null,
132 verbose parsed url   slashes: null,
132 verbose parsed url   auth: null,
132 verbose parsed url   host: null,
132 verbose parsed url   port: null,
132 verbose parsed url   hostname: null,
132 verbose parsed url   hash: null,
132 verbose parsed url   search: null,
132 verbose parsed url   query: null,
132 verbose parsed url   pathname: '~0.2.0',
132 verbose parsed url   path: '~0.2.0',
132 verbose parsed url   href: '~0.2.0' }
133 verbose addNamed [ 'grunt-contrib-uglify', '~0.2.0' ]
134 verbose addNamed [ null, '>=0.2.0-0 <0.3.0-0' ]
135 silly lockFile 2cc6dac2-grunt-contrib-uglify-0-2-0 grunt-contrib-uglify@~0.2.0
136 verbose lock grunt-contrib-uglify@~0.2.0 /Users/fauverism/.npm/2cc6dac2-grunt-contrib-uglify-0-2-0.lock
137 verbose cache add [ 'grunt-contrib-watch@~0.5.2', null ]
138 verbose cache add name=undefined spec="grunt-contrib-watch@~0.5.2" args=["grunt-contrib-watch@~0.5.2",null]
139 verbose parsed url { protocol: null,
139 verbose parsed url   slashes: null,
139 verbose parsed url   auth: null,
139 verbose parsed url   host: null,
139 verbose parsed url   port: null,
139 verbose parsed url   hostname: null,
139 verbose parsed url   hash: null,
139 verbose parsed url   search: null,
139 verbose parsed url   query: null,
139 verbose parsed url   pathname: 'grunt-contrib-watch@~0.5.2',
139 verbose parsed url   path: 'grunt-contrib-watch@~0.5.2',
139 verbose parsed url   href: 'grunt-contrib-watch@~0.5.2' }
140 verbose cache add name="grunt-contrib-watch" spec="~0.5.2" args=["grunt-contrib-watch","~0.5.2"]
141 verbose parsed url { protocol: null,
141 verbose parsed url   slashes: null,
141 verbose parsed url   auth: null,
141 verbose parsed url   host: null,
141 verbose parsed url   port: null,
141 verbose parsed url   hostname: null,
141 verbose parsed url   hash: null,
141 verbose parsed url   search: null,
141 verbose parsed url   query: null,
141 verbose parsed url   pathname: '~0.5.2',
141 verbose parsed url   path: '~0.5.2',
141 verbose parsed url   href: '~0.5.2' }
142 verbose addNamed [ 'grunt-contrib-watch', '~0.5.2' ]
143 verbose addNamed [ null, '>=0.5.2-0 <0.6.0-0' ]
144 silly lockFile a6069a13-grunt-contrib-watch-0-5-2 grunt-contrib-watch@~0.5.2
145 verbose lock grunt-contrib-watch@~0.5.2 /Users/fauverism/.npm/a6069a13-grunt-contrib-watch-0-5-2.lock
146 verbose cache add [ 'grunt-google-cdn@~0.2.0', null ]
147 verbose cache add name=undefined spec="grunt-google-cdn@~0.2.0" args=["grunt-google-cdn@~0.2.0",null]
148 verbose parsed url { protocol: null,
148 verbose parsed url   slashes: null,
148 verbose parsed url   auth: null,
148 verbose parsed url   host: null,
148 verbose parsed url   port: null,
148 verbose parsed url   hostname: null,
148 verbose parsed url   hash: null,
148 verbose parsed url   search: null,
148 verbose parsed url   query: null,
148 verbose parsed url   pathname: 'grunt-google-cdn@~0.2.0',
148 verbose parsed url   path: 'grunt-google-cdn@~0.2.0',
148 verbose parsed url   href: 'grunt-google-cdn@~0.2.0' }
149 verbose cache add name="grunt-google-cdn" spec="~0.2.0" args=["grunt-google-cdn","~0.2.0"]
150 verbose parsed url { protocol: null,
150 verbose parsed url   slashes: null,
150 verbose parsed url   auth: null,
150 verbose parsed url   host: null,
150 verbose parsed url   port: null,
150 verbose parsed url   hostname: null,
150 verbose parsed url   hash: null,
150 verbose parsed url   search: null,
150 verbose parsed url   query: null,
150 verbose parsed url   pathname: '~0.2.0',
150 verbose parsed url   path: '~0.2.0',
150 verbose parsed url   href: '~0.2.0' }
151 verbose addNamed [ 'grunt-google-cdn', '~0.2.0' ]
152 verbose addNamed [ null, '>=0.2.0-0 <0.3.0-0' ]
153 silly lockFile 9c4c1f15-grunt-google-cdn-0-2-0 grunt-google-cdn@~0.2.0
154 verbose lock grunt-google-cdn@~0.2.0 /Users/fauverism/.npm/9c4c1f15-grunt-google-cdn-0-2-0.lock
155 verbose cache add [ 'grunt-newer@~0.6.1', null ]
156 verbose cache add name=undefined spec="grunt-newer@~0.6.1" args=["grunt-newer@~0.6.1",null]
157 verbose parsed url { protocol: null,
157 verbose parsed url   slashes: null,
157 verbose parsed url   auth: null,
157 verbose parsed url   host: null,
157 verbose parsed url   port: null,
157 verbose parsed url   hostname: null,
157 verbose parsed url   hash: null,
157 verbose parsed url   search: null,
157 verbose parsed url   query: null,
157 verbose parsed url   pathname: 'grunt-newer@~0.6.1',
157 verbose parsed url   path: 'grunt-newer@~0.6.1',
157 verbose parsed url   href: 'grunt-newer@~0.6.1' }
158 verbose cache add name="grunt-newer" spec="~0.6.1" args=["grunt-newer","~0.6.1"]
159 verbose parsed url { protocol: null,
159 verbose parsed url   slashes: null,
159 verbose parsed url   auth: null,
159 verbose parsed url   host: null,
159 verbose parsed url   port: null,
159 verbose parsed url   hostname: null,
159 verbose parsed url   hash: null,
159 verbose parsed url   search: null,
159 verbose parsed url   query: null,
159 verbose parsed url   pathname: '~0.6.1',
159 verbose parsed url   path: '~0.6.1',
159 verbose parsed url   href: '~0.6.1' }
160 verbose addNamed [ 'grunt-newer', '~0.6.1' ]
161 verbose addNamed [ null, '>=0.6.1-0 <0.7.0-0' ]
162 silly lockFile 4b79529e-grunt-newer-0-6-1 grunt-newer@~0.6.1
163 verbose lock grunt-newer@~0.6.1 /Users/fauverism/.npm/4b79529e-grunt-newer-0-6-1.lock
164 verbose cache add [ 'grunt-ngmin@~0.0.2', null ]
165 verbose cache add name=undefined spec="grunt-ngmin@~0.0.2" args=["grunt-ngmin@~0.0.2",null]
166 verbose parsed url { protocol: null,
166 verbose parsed url   slashes: null,
166 verbose parsed url   auth: null,
166 verbose parsed url   host: null,
166 verbose parsed url   port: null,
166 verbose parsed url   hostname: null,
166 verbose parsed url   hash: null,
166 verbose parsed url   search: null,
166 verbose parsed url   query: null,
166 verbose parsed url   pathname: 'grunt-ngmin@~0.0.2',
166 verbose parsed url   path: 'grunt-ngmin@~0.0.2',
166 verbose parsed url   href: 'grunt-ngmin@~0.0.2' }
167 verbose cache add name="grunt-ngmin" spec="~0.0.2" args=["grunt-ngmin","~0.0.2"]
168 verbose parsed url { protocol: null,
168 verbose parsed url   slashes: null,
168 verbose parsed url   auth: null,
168 verbose parsed url   host: null,
168 verbose parsed url   port: null,
168 verbose parsed url   hostname: null,
168 verbose parsed url   hash: null,
168 verbose parsed url   search: null,
168 verbose parsed url   query: null,
168 verbose parsed url   pathname: '~0.0.2',
168 verbose parsed url   path: '~0.0.2',
168 verbose parsed url   href: '~0.0.2' }
169 verbose addNamed [ 'grunt-ngmin', '~0.0.2' ]
170 verbose addNamed [ null, '>=0.0.2-0 <0.1.0-0' ]
171 silly lockFile 07f9ec83-grunt-ngmin-0-0-2 grunt-ngmin@~0.0.2
172 verbose lock grunt-ngmin@~0.0.2 /Users/fauverism/.npm/07f9ec83-grunt-ngmin-0-0-2.lock
173 verbose cache add [ 'grunt-rev@~0.1.0', null ]
174 verbose cache add name=undefined spec="grunt-rev@~0.1.0" args=["grunt-rev@~0.1.0",null]
175 verbose parsed url { protocol: null,
175 verbose parsed url   slashes: null,
175 verbose parsed url   auth: null,
175 verbose parsed url   host: null,
175 verbose parsed url   port: null,
175 verbose parsed url   hostname: null,
175 verbose parsed url   hash: null,
175 verbose parsed url   search: null,
175 verbose parsed url   query: null,
175 verbose parsed url   pathname: 'grunt-rev@~0.1.0',
175 verbose parsed url   path: 'grunt-rev@~0.1.0',
175 verbose parsed url   href: 'grunt-rev@~0.1.0' }
176 verbose cache add name="grunt-rev" spec="~0.1.0" args=["grunt-rev","~0.1.0"]
177 verbose parsed url { protocol: null,
177 verbose parsed url   slashes: null,
177 verbose parsed url   auth: null,
177 verbose parsed url   host: null,
177 verbose parsed url   port: null,
177 verbose parsed url   hostname: null,
177 verbose parsed url   hash: null,
177 verbose parsed url   search: null,
177 verbose parsed url   query: null,
177 verbose parsed url   pathname: '~0.1.0',
177 verbose parsed url   path: '~0.1.0',
177 verbose parsed url   href: '~0.1.0' }
178 verbose addNamed [ 'grunt-rev', '~0.1.0' ]
179 verbose addNamed [ null, '>=0.1.0-0 <0.2.0-0' ]
180 silly lockFile a3a49760-grunt-rev-0-1-0 grunt-rev@~0.1.0
181 verbose lock grunt-rev@~0.1.0 /Users/fauverism/.npm/a3a49760-grunt-rev-0-1-0.lock
182 verbose cache add [ 'grunt-svgmin@~0.2.0', null ]
183 verbose cache add name=undefined spec="grunt-svgmin@~0.2.0" args=["grunt-svgmin@~0.2.0",null]
184 verbose parsed url { protocol: null,
184 verbose parsed url   slashes: null,
184 verbose parsed url   auth: null,
184 verbose parsed url   host: null,
184 verbose parsed url   port: null,
184 verbose parsed url   hostname: null,
184 verbose parsed url   hash: null,
184 verbose parsed url   search: null,
184 verbose parsed url   query: null,
184 verbose parsed url   pathname: 'grunt-svgmin@~0.2.0',
184 verbose parsed url   path: 'grunt-svgmin@~0.2.0',
184 verbose parsed url   href: 'grunt-svgmin@~0.2.0' }
185 verbose cache add name="grunt-svgmin" spec="~0.2.0" args=["grunt-svgmin","~0.2.0"]
186 verbose parsed url { protocol: null,
186 verbose parsed url   slashes: null,
186 verbose parsed url   auth: null,
186 verbose parsed url   host: null,
186 verbose parsed url   port: null,
186 verbose parsed url   hostname: null,
186 verbose parsed url   hash: null,
186 verbose parsed url   search: null,
186 verbose parsed url   query: null,
186 verbose parsed url   pathname: '~0.2.0',
186 verbose parsed url   path: '~0.2.0',
186 verbose parsed url   href: '~0.2.0' }
187 verbose addNamed [ 'grunt-svgmin', '~0.2.0' ]
188 verbose addNamed [ null, '>=0.2.0-0 <0.3.0-0' ]
189 silly lockFile fefef466-grunt-svgmin-0-2-0 grunt-svgmin@~0.2.0
190 verbose lock grunt-svgmin@~0.2.0 /Users/fauverism/.npm/fefef466-grunt-svgmin-0-2-0.lock
191 verbose cache add [ 'grunt-usemin@~2.0.0', null ]
192 verbose cache add name=undefined spec="grunt-usemin@~2.0.0" args=["grunt-usemin@~2.0.0",null]
193 verbose parsed url { protocol: null,
193 verbose parsed url   slashes: null,
193 verbose parsed url   auth: null,
193 verbose parsed url   host: null,
193 verbose parsed url   port: null,
193 verbose parsed url   hostname: null,
193 verbose parsed url   hash: null,
193 verbose parsed url   search: null,
193 verbose parsed url   query: null,
193 verbose parsed url   pathname: 'grunt-usemin@~2.0.0',
193 verbose parsed url   path: 'grunt-usemin@~2.0.0',
193 verbose parsed url   href: 'grunt-usemin@~2.0.0' }
194 verbose cache add name="grunt-usemin" spec="~2.0.0" args=["grunt-usemin","~2.0.0"]
195 verbose parsed url { protocol: null,
195 verbose parsed url   slashes: null,
195 verbose parsed url   auth: null,
195 verbose parsed url   host: null,
195 verbose parsed url   port: null,
195 verbose parsed url   hostname: null,
195 verbose parsed url   hash: null,
195 verbose parsed url   search: null,
195 verbose parsed url   query: null,
195 verbose parsed url   pathname: '~2.0.0',
195 verbose parsed url   path: '~2.0.0',
195 verbose parsed url   href: '~2.0.0' }
196 verbose addNamed [ 'grunt-usemin', '~2.0.0' ]
197 verbose addNamed [ null, '>=2.0.0-0 <2.1.0-0' ]
198 silly lockFile d4f70bcd-grunt-usemin-2-0-0 grunt-usemin@~2.0.0
199 verbose lock grunt-usemin@~2.0.0 /Users/fauverism/.npm/d4f70bcd-grunt-usemin-2-0-0.lock
200 verbose cache add [ 'jshint-stylish@~0.1.3', null ]
201 verbose cache add name=undefined spec="jshint-stylish@~0.1.3" args=["jshint-stylish@~0.1.3",null]
202 verbose parsed url { protocol: null,
202 verbose parsed url   slashes: null,
202 verbose parsed url   auth: null,
202 verbose parsed url   host: null,
202 verbose parsed url   port: null,
202 verbose parsed url   hostname: null,
202 verbose parsed url   hash: null,
202 verbose parsed url   search: null,
202 verbose parsed url   query: null,
202 verbose parsed url   pathname: 'jshint-stylish@~0.1.3',
202 verbose parsed url   path: 'jshint-stylish@~0.1.3',
202 verbose parsed url   href: 'jshint-stylish@~0.1.3' }
203 verbose cache add name="jshint-stylish" spec="~0.1.3" args=["jshint-stylish","~0.1.3"]
204 verbose parsed url { protocol: null,
204 verbose parsed url   slashes: null,
204 verbose parsed url   auth: null,
204 verbose parsed url   host: null,
204 verbose parsed url   port: null,
204 verbose parsed url   hostname: null,
204 verbose parsed url   hash: null,
204 verbose parsed url   search: null,
204 verbose parsed url   query: null,
204 verbose parsed url   pathname: '~0.1.3',
204 verbose parsed url   path: '~0.1.3',
204 verbose parsed url   href: '~0.1.3' }
205 verbose addNamed [ 'jshint-stylish', '~0.1.3' ]
206 verbose addNamed [ null, '>=0.1.3-0 <0.2.0-0' ]
207 silly lockFile fe42dd62-jshint-stylish-0-1-3 jshint-stylish@~0.1.3
208 verbose lock jshint-stylish@~0.1.3 /Users/fauverism/.npm/fe42dd62-jshint-stylish-0-1-3.lock
209 verbose cache add [ 'load-grunt-tasks@~0.4.0', null ]
210 verbose cache add name=undefined spec="load-grunt-tasks@~0.4.0" args=["load-grunt-tasks@~0.4.0",null]
211 verbose parsed url { protocol: null,
211 verbose parsed url   slashes: null,
211 verbose parsed url   auth: null,
211 verbose parsed url   host: null,
211 verbose parsed url   port: null,
211 verbose parsed url   hostname: null,
211 verbose parsed url   hash: null,
211 verbose parsed url   search: null,
211 verbose parsed url   query: null,
211 verbose parsed url   pathname: 'load-grunt-tasks@~0.4.0',
211 verbose parsed url   path: 'load-grunt-tasks@~0.4.0',
211 verbose parsed url   href: 'load-grunt-tasks@~0.4.0' }
212 verbose cache add name="load-grunt-tasks" spec="~0.4.0" args=["load-grunt-tasks","~0.4.0"]
213 verbose parsed url { protocol: null,
213 verbose parsed url   slashes: null,
213 verbose parsed url   auth: null,
213 verbose parsed url   host: null,
213 verbose parsed url   port: null,
213 verbose parsed url   hostname: null,
213 verbose parsed url   hash: null,
213 verbose parsed url   search: null,
213 verbose parsed url   query: null,
213 verbose parsed url   pathname: '~0.4.0',
213 verbose parsed url   path: '~0.4.0',
213 verbose parsed url   href: '~0.4.0' }
214 verbose addNamed [ 'load-grunt-tasks', '~0.4.0' ]
215 verbose addNamed [ null, '>=0.4.0-0 <0.5.0-0' ]
216 silly lockFile db6ec5cc-load-grunt-tasks-0-4-0 load-grunt-tasks@~0.4.0
217 verbose lock load-grunt-tasks@~0.4.0 /Users/fauverism/.npm/db6ec5cc-load-grunt-tasks-0-4-0.lock
218 verbose cache add [ 'time-grunt@~0.2.1', null ]
219 verbose cache add name=undefined spec="time-grunt@~0.2.1" args=["time-grunt@~0.2.1",null]
220 verbose parsed url { protocol: null,
220 verbose parsed url   slashes: null,
220 verbose parsed url   auth: null,
220 verbose parsed url   host: null,
220 verbose parsed url   port: null,
220 verbose parsed url   hostname: null,
220 verbose parsed url   hash: null,
220 verbose parsed url   search: null,
220 verbose parsed url   query: null,
220 verbose parsed url   pathname: 'time-grunt@~0.2.1',
220 verbose parsed url   path: 'time-grunt@~0.2.1',
220 verbose parsed url   href: 'time-grunt@~0.2.1' }
221 verbose cache add name="time-grunt" spec="~0.2.1" args=["time-grunt","~0.2.1"]
222 verbose parsed url { protocol: null,
222 verbose parsed url   slashes: null,
222 verbose parsed url   auth: null,
222 verbose parsed url   host: null,
222 verbose parsed url   port: null,
222 verbose parsed url   hostname: null,
222 verbose parsed url   hash: null,
222 verbose parsed url   search: null,
222 verbose parsed url   query: null,
222 verbose parsed url   pathname: '~0.2.1',
222 verbose parsed url   path: '~0.2.1',
222 verbose parsed url   href: '~0.2.1' }
223 verbose addNamed [ 'time-grunt', '~0.2.1' ]
224 verbose addNamed [ null, '>=0.2.1-0 <0.3.0-0' ]
225 silly lockFile d8cb0ec7-time-grunt-0-2-1 time-grunt@~0.2.1
226 verbose lock time-grunt@~0.2.1 /Users/fauverism/.npm/d8cb0ec7-time-grunt-0-2-1.lock
227 silly lockFile cce4ff9b-grunt-bower-install-1-0-0 grunt-bower-install@~1.0.0
228 error Error: Attempt to unlock grunt-bower-install@~1.0.0, which hasn't been locked
228 error     at unlock (/usr/local/lib/node_modules/npm/lib/cache.js:1304:11)
228 error     at cb (/usr/local/lib/node_modules/npm/lib/cache.js:646:5)
228 error     at /usr/local/lib/node_modules/npm/lib/cache.js:655:20
228 error     at /usr/local/lib/node_modules/npm/lib/cache.js:1290:7
228 error     at /usr/local/lib/node_modules/npm/node_modules/lockfile/lockfile.js:167:38
228 error     at OpenReq.Req.done (/usr/local/lib/node_modules/npm/node_modules/graceful-fs/graceful-fs.js:144:5)
228 error     at OpenReq.done (/usr/local/lib/node_modules/npm/node_modules/graceful-fs/graceful-fs.js:64:22)
228 error     at Object.oncomplete (fs.js:107:15)
229 error If you need help, you may report this *entire* log,
229 error including the npm and node versions, at:
229 error     <http://github.com/npm/npm/issues>
230 error System Darwin 13.2.0
231 error command "node" "/usr/local/bin/npm" "install"
232 error cwd /Users/fauverism/Documents/github/Mortgage-Calculator
233 error node -v v0.10.26
234 error npm -v 1.4.3
235 verbose exit [ 1, true ]
